<?xml version="1.0" encoding="UTF-8"?>
<!-- Generated by org.testng.reporters.JUnitReportReporter -->
<testsuite hostname="Ruheena" failures="0" tests="1" name="Generic_script.Properties1" time="0.013" errors="0" timestamp="2023-06-22T10:46:26 IST" skipped="0">
  <testcase classname="Generic_script.Properties1" name="test1" time="0.013"/>
</testsuite> <!-- Generic_script.Properties1 -->
