<?xml version="1.0" encoding="UTF-8"?>
<!-- Generated by org.testng.reporters.JUnitReportReporter -->
<testsuite hostname="Ruheena" failures="0" tests="1" name="Exten_repo.Ext_rep" time="0.688" errors="0" timestamp="2023-06-27T10:43:55 IST" skipped="0">
  <testcase classname="Exten_repo.Ext_rep" name="test1" time="0.688"/>
</testsuite> <!-- Exten_repo.Ext_rep -->
