<?xml version="1.0" encoding="UTF-8"?>
<!-- Generated by org.testng.reporters.JUnitReportReporter -->
<testsuite hostname="Ruheena" failures="0" tests="6" name="Groups1.Groups1" time="0.059" errors="0" timestamp="2023-06-23T10:37:38 IST" skipped="0">
  <testcase classname="Groups1.Groups1" name="test3" time="0.007"/>
  <testcase classname="Groups1.Groups1" name="test1" time="0.016"/>
  <testcase classname="Groups1.Groups1" name="test2" time="0.009"/>
  <testcase classname="Groups1.Groups1" name="test3" time="0.011"/>
  <testcase classname="Groups1.Groups1" name="test1" time="0.014"/>
  <testcase classname="Groups1.Groups1" name="test2" time="0.002"/>
</testsuite> <!-- Groups1.Groups1 -->
